# JRE version: Java(TM) SE Runtime Environment (8.0_171-b11) (build 1.8.0_171-b11)
# Java VM: Java HotSpot(TM) 64-Bit Server VM (25.171-b11 mixed mode windows-amd64 compressed oops)
Heap:
 PSYoungGen      total 16896K, used 12638K [0x00000000ed980000, 0x00000000eec00000, 0x0000000100000000)
  eden space 14848K, 81% used [0x00000000ed980000,0x00000000ee55fa60,0x00000000ee800000)
  from space 2048K, 23% used [0x00000000ee800000,0x00000000ee878020,0x00000000eea00000)
  to   space 2048K, 0% used [0x00000000eea00000,0x00000000eea00000,0x00000000eec00000)
 ParOldGen       total 38400K, used 29880K [0x00000000c8c00000, 0x00000000cb180000, 0x00000000ed980000)
  object space 38400K, 77% used [0x00000000c8c00000,0x00000000ca92e370,0x00000000cb180000)
 Metaspace       used 3259K, capacity 4486K, committed 4864K, reserved 1056768K
  class space    used 371K, capacity 386K, committed 512K, reserved 1048576K
GC Heap History (3 events):
Event: 4.082 GC heap before
{Heap before GC invocations=1 (full 0):
 PSYoungGen      total 16896K, used 10519K [0x00000000ed980000, 0x00000000eec00000, 0x0000000100000000)
  eden space 14848K, 70% used [0x00000000ed980000,0x00000000ee3c5e68,0x00000000ee800000)
  from space 2048K, 0% used [0x00000000eea00000,0x00000000eea00000,0x00000000eec00000)
  to   space 2048K, 0% used [0x00000000ee800000,0x00000000ee800000,0x00000000eea00000)
 ParOldGen       total 38400K, used 0K [0x00000000c8c00000, 0x00000000cb180000, 0x00000000ed980000)
  object space 38400K, 0% used [0x00000000c8c00000,0x00000000c8c00000,0x00000000cb180000)
 Metaspace       used 3259K, capacity 4486K, committed 4864K, reserved 1056768K
  class space    used 371K, capacity 386K, committed 512K, reserved 1048576K
Event: 4.102 GC heap after
Heap after GC invocations=1 (full 0):
 PSYoungGen      total 16896K, used 480K [0x00000000ed980000, 0x00000000eec00000, 0x0000000100000000)
  eden space 14848K, 0% used [0x00000000ed980000,0x00000000ed980000,0x00000000ee800000)
  from space 2048K, 23% used [0x00000000ee800000,0x00000000ee878020,0x00000000eea00000)
  to   space 2048K, 0% used [0x00000000eea00000,0x00000000eea00000,0x00000000eec00000)
 ParOldGen       total 38400K, used 3173K [0x00000000c8c00000, 0x00000000cb180000, 0x00000000ed980000)
  object space 38400K, 8% used [0x00000000c8c00000,0x00000000c8f19568,0x00000000cb180000)
 Metaspace       used 3259K, capacity 4486K, committed 4864K, reserved 1056768K
  class space    used 371K, capacity 386K, committed 512K, reserved 1048576K
}
Event: 4.206 GC heap before
{Heap before GC invocations=2 (full 0):
 PSYoungGen      total 16896K, used 12638K [0x00000000ed980000, 0x00000000eec00000, 0x0000000100000000)
  eden space 14848K, 81% used [0x00000000ed980000,0x00000000ee55fa60,0x00000000ee800000)
  from space 2048K, 23% used [0x00000000ee800000,0x00000000ee878020,0x00000000eea00000)
  to   space 2048K, 0% used [0x00000000eea00000,0x00000000eea00000,0x00000000eec00000)
 ParOldGen       total 38400K, used 29880K [0x00000000c8c00000, 0x00000000cb180000, 0x00000000ed980000)
  object space 38400K, 77% used [0x00000000c8c00000,0x00000000ca92e370,0x00000000cb180000)
 Metaspace       used 3259K, capacity 4486K, committed 4864K, reserved 1056768K
  class space    used 371K, capacity 386K, committed 512K, reserved 1048576K

